<?xml version="1.0" encoding="UTF-8"?>
<!-- Generated by org.testng.reporters.JUnitReportReporter -->
<testsuite hostname="EPUAKHAW0480" name="com.epam.tests.ClaccTest" tests="1" failures="0" timestamp="23 Oct 2013 07:24:27 GMT" time="15.088" errors="0">
  <testcase name="testRambler" time="15.088" classname="com.epam.tests.ClaccTest"/>
</testsuite> <!-- com.epam.tests.ClaccTest -->
